2019-03-28 08:55:25 INFO  Graph:33 - a
2019-03-28 08:55:25 INFO  Graph:38 -  -> c9
2019-03-28 08:55:25 INFO  Graph:38 -  -> d20
2019-03-28 08:55:25 INFO  Graph:38 -  -> e26
2019-04-01 08:22:09 INFO  Graph:33 - a
2019-04-01 08:22:09 INFO  Graph:38 -  -> c9
2019-04-01 08:22:09 INFO  Graph:38 -  -> d20
2019-04-01 08:22:09 INFO  Graph:38 -  -> e26
2019-04-01 08:26:02 INFO  Vertex:23 - a
2019-04-01 08:26:02 INFO  Vertex:28 -  -> c9
2019-04-01 08:26:02 INFO  Vertex:28 -  -> d20
2019-04-01 08:26:02 INFO  Vertex:28 -  -> e26
2019-04-02 23:49:34 INFO  Graph:33 - a
2019-04-02 23:49:34 INFO  Graph:38 -  -> c9
2019-04-02 23:49:34 INFO  Graph:38 -  -> d20
2019-04-02 23:49:34 INFO  Graph:38 -  -> e26
2019-04-03 00:22:19 INFO  Graph:33 - a
2019-04-03 00:22:19 INFO  Graph:38 -  -> c9
2019-04-03 00:22:19 INFO  Graph:38 -  -> d20
2019-04-03 00:22:19 INFO  Graph:38 -  -> e26
2019-04-03 00:22:48 INFO  Graph:33 - a
2019-04-03 00:22:48 INFO  Graph:38 -  -> c9
2019-04-03 00:22:48 INFO  Graph:38 -  -> d20
2019-04-03 00:22:48 INFO  Graph:38 -  -> e26
2019-04-03 02:10:54 INFO  Graph:34 - a
2019-04-03 02:10:54 INFO  Graph:39 -  -> c9
2019-04-03 02:10:54 INFO  Graph:39 -  -> d20
2019-04-03 02:10:54 INFO  Graph:39 -  -> e26
2019-04-03 02:11:14 INFO  Graph:34 - a
2019-04-03 02:11:14 INFO  Graph:39 -  -> c9
2019-04-03 02:11:14 INFO  Graph:39 -  -> d20
2019-04-03 02:11:14 INFO  Graph:39 -  -> e26
2019-04-03 02:11:39 INFO  Graph:34 - a
2019-04-03 02:11:39 INFO  Graph:39 -  -> c9
2019-04-03 02:11:39 INFO  Graph:39 -  -> d20
2019-04-03 02:11:39 INFO  Graph:39 -  -> e26
2019-04-03 02:17:19 INFO  Graph:34 - a
2019-04-03 02:17:19 INFO  Graph:39 -  -> c9
2019-04-03 02:17:19 INFO  Graph:39 -  -> d20
2019-04-03 02:17:19 INFO  Graph:39 -  -> e26
2019-04-03 02:17:25 INFO  Graph:34 - a
2019-04-03 02:17:25 INFO  Graph:39 -  -> c9
2019-04-03 02:17:25 INFO  Graph:39 -  -> d20
2019-04-03 02:17:25 INFO  Graph:39 -  -> e26
2019-04-03 02:36:20 INFO  Graph:34 - a
2019-04-03 02:36:20 INFO  Graph:39 -  -> c9
2019-04-03 02:36:20 INFO  Graph:39 -  -> d20
2019-04-03 02:36:20 INFO  Graph:39 -  -> e26
2019-04-03 02:44:38 INFO  Graph:34 - a
2019-04-03 02:44:38 INFO  Graph:39 -  -> c9
2019-04-03 02:44:38 INFO  Graph:39 -  -> d20
2019-04-03 02:44:38 INFO  Graph:39 -  -> e26
2019-04-03 02:45:34 INFO  Graph:34 - a
2019-04-03 02:45:34 INFO  Graph:39 -  -> c9
2019-04-03 02:45:34 INFO  Graph:39 -  -> d20
2019-04-03 02:45:34 INFO  Graph:39 -  -> e26
2019-04-03 02:47:33 INFO  Graph:34 - a
2019-04-03 02:47:33 INFO  Graph:39 -  -> c9
2019-04-03 02:47:33 INFO  Graph:39 -  -> d20
2019-04-03 02:47:33 INFO  Graph:39 -  -> e26
2019-04-03 02:50:32 INFO  Graph:34 - a
2019-04-03 02:50:32 INFO  Graph:39 -  -> c9
2019-04-03 02:50:32 INFO  Graph:39 -  -> d20
2019-04-03 02:50:32 INFO  Graph:39 -  -> e26
2019-04-03 02:51:57 INFO  Graph:34 - a
2019-04-03 02:51:57 INFO  Graph:39 -  -> c9
2019-04-03 02:51:57 INFO  Graph:39 -  -> d20
2019-04-03 02:51:57 INFO  Graph:39 -  -> e26
2019-04-03 03:07:33 INFO  Graph:34 - a
2019-04-03 03:07:33 INFO  Graph:39 -  -> c9
2019-04-03 03:07:33 INFO  Graph:39 -  -> d20
2019-04-03 03:07:33 INFO  Graph:39 -  -> e26
2019-04-03 03:36:48 INFO  Graph:28 - 1
2019-04-03 03:36:48 INFO  Graph:33 -  -> 35
2019-04-03 03:37:14 INFO  Graph:28 - 1
2019-04-03 03:37:14 INFO  Graph:33 -  -> 23
2019-04-03 03:37:14 INFO  Graph:33 -  -> 44
2019-04-03 03:37:14 INFO  Graph:33 -  -> 57
2019-04-03 03:41:30 INFO  Graph:28 - 1
2019-04-03 03:41:30 INFO  Graph:33 -  -> 35
2019-04-03 03:42:53 INFO  Graph:28 - 1
2019-04-03 03:42:53 INFO  Graph:33 -  -> 23
2019-04-03 03:42:53 INFO  Graph:33 -  -> 44
2019-04-03 03:42:53 INFO  Graph:33 -  -> 57
2019-04-03 03:43:38 INFO  Graph:28 - 1
2019-04-03 03:43:38 INFO  Graph:33 -  -> 2 3
2019-04-03 03:43:38 INFO  Graph:33 -  -> 4 4
2019-04-03 03:43:38 INFO  Graph:33 -  -> 5 7
2019-04-03 03:45:36 INFO  Graph:28 - 1
2019-04-03 03:45:36 INFO  Graph:33 -  -> 2 3
2019-04-03 03:45:36 INFO  Graph:33 -  -> 4 4
2019-04-03 03:45:36 INFO  Graph:33 -  -> 5 7
2019-04-03 03:45:36 INFO  Graph:33 -  -> 8 37
2019-04-03 03:45:36 INFO  Graph:33 -  -> 9 39
2019-04-03 03:45:36 INFO  Graph:33 -  -> 14 46
2019-04-03 03:46:11 INFO  Graph:30 - (unreached)10
2019-04-03 03:46:24 ERROR Graph:92 - Graph doesn't contain end vertex15
2019-04-03 03:46:36 INFO  Graph:28 - 1
2019-04-03 03:46:36 INFO  Graph:33 -  -> 2 3
2019-04-03 03:46:36 INFO  Graph:33 -  -> 4 4
2019-04-03 03:46:36 INFO  Graph:33 -  -> 5 7
2019-04-03 03:46:36 INFO  Graph:33 -  -> 8 37
2019-04-03 03:46:36 INFO  Graph:33 -  -> 9 39
2019-04-03 03:46:36 INFO  Graph:33 -  -> 14 46
2019-04-03 03:49:19 INFO  Graph:28 - 1
2019-04-03 03:49:19 INFO  Graph:33 - ->2 distance3
2019-04-03 03:49:19 INFO  Graph:33 - ->4 distance4
2019-04-03 03:49:19 INFO  Graph:33 - ->5 distance7
2019-04-03 03:49:19 INFO  Graph:33 - ->8 distance37
2019-04-03 03:49:19 INFO  Graph:33 - ->9 distance39
2019-04-03 03:49:19 INFO  Graph:33 - ->14 distance46
2019-04-03 03:49:27 INFO  Graph:28 - 1
2019-04-03 03:49:27 INFO  Graph:33 - ->2 distance 3
2019-04-03 03:49:27 INFO  Graph:33 - ->4 distance 4
2019-04-03 03:49:27 INFO  Graph:33 - ->5 distance 7
2019-04-03 03:49:27 INFO  Graph:33 - ->8 distance 37
2019-04-03 03:49:27 INFO  Graph:33 - ->9 distance 39
2019-04-03 03:49:27 INFO  Graph:33 - ->14 distance 46
2019-04-03 04:01:27 INFO  Graph:27 - 1
2019-04-03 04:01:27 INFO  Graph:32 - ->2 distance 3
2019-04-03 04:01:27 INFO  Graph:32 - ->4 distance 4
2019-04-03 04:01:27 INFO  Graph:32 - ->5 distance 7
2019-04-03 04:01:27 INFO  Graph:32 - ->8 distance 37
2019-04-03 04:01:27 INFO  Graph:32 - ->9 distance 39
2019-04-03 04:01:27 INFO  Graph:32 - ->14 distance 46
2019-04-03 04:03:01 INFO  Graph:27 - 1
2019-04-03 04:03:01 INFO  Graph:32 - ->2 distance 3
2019-04-03 04:03:01 INFO  Graph:32 - ->4 distance 4
2019-04-03 04:03:01 INFO  Graph:32 - ->5 distance 7
2019-04-03 04:03:01 INFO  Graph:32 - ->8 distance 37
2019-04-03 04:03:01 INFO  Graph:32 - ->9 distance 39
2019-04-03 04:03:01 INFO  Graph:32 - ->14 distance 46
2019-04-03 04:04:43 ERROR Graph:91 - Graph doesn't contain end vertex15
2019-04-03 04:04:54 INFO  Graph:27 - 1
2019-04-03 04:04:54 INFO  Graph:32 - ->2 distance 3
2019-04-03 04:04:54 INFO  Graph:32 - ->4 distance 4
2019-04-03 04:04:54 INFO  Graph:32 - ->5 distance 7
2019-04-03 04:04:54 INFO  Graph:32 - ->8 distance 37
2019-04-03 04:04:54 INFO  Graph:32 - ->9 distance 39
2019-04-03 04:04:54 INFO  Graph:32 - ->14 distance 46
2019-04-03 04:05:53 INFO  Graph:27 - 1
2019-04-03 04:05:53 INFO  Graph:32 - ->2 distance 3
2019-04-03 04:05:53 INFO  Graph:32 - ->4 distance 4
2019-04-03 04:05:53 INFO  Graph:32 - ->5 distance 7
2019-04-03 04:05:53 INFO  Graph:32 - ->8 distance 37
2019-04-03 04:05:53 INFO  Graph:32 - ->9 distance 39
2019-04-03 04:05:53 INFO  Graph:32 - ->14 distance 46
2019-04-03 04:08:09 INFO  DijkstraAlgorithm:27 - 1
2019-04-03 04:08:09 INFO  DijkstraAlgorithm:32 - ->2 distance 3
2019-04-03 04:08:09 INFO  DijkstraAlgorithm:32 - ->4 distance 4
2019-04-03 04:08:09 INFO  DijkstraAlgorithm:32 - ->5 distance 7
2019-04-03 04:08:09 INFO  DijkstraAlgorithm:32 - ->8 distance 37
2019-04-03 04:08:09 INFO  DijkstraAlgorithm:32 - ->9 distance 39
2019-04-03 04:08:09 INFO  DijkstraAlgorithm:32 - ->14 distance 46
